# JRE version: Java(TM) SE Runtime Environment (8.0_71-b15) (build 1.8.0_71-b15)
# Java VM: Java HotSpot(TM) 64-Bit Server VM (25.71-b15 mixed mode windows-amd64 compressed oops)
Heap:
 PSYoungGen      total 176640K, used 28755K [0x00000000eab00000, 0x00000000f8000000, 0x0000000100000000)
  eden space 157184K, 5% used [0x00000000eab00000,0x00000000eb4211c8,0x00000000f4480000)
  from space 19456K, 99% used [0x00000000f5880000,0x00000000f6b73c88,0x00000000f6b80000)
  to   space 20992K, 0% used [0x00000000f6b80000,0x00000000f6b80000,0x00000000f8000000)
 ParOldGen       total 108032K, used 72973K [0x00000000c0000000, 0x00000000c6980000, 0x00000000eab00000)
  object space 108032K, 67% used [0x00000000c0000000,0x00000000c4743628,0x00000000c6980000)
 Metaspace       used 73754K, capacity 77056K, committed 77312K, reserved 1116160K
  class space    used 9125K, capacity 10140K, committed 10240K, reserved 1048576K
GC Heap History (10 events):
Event: 29.710 GC heap before
{Heap before GC invocations=16 (full 3):
 PSYoungGen      total 160768K, used 160336K [0x00000000eab00000, 0x00000000f6380000, 0x0000000100000000)
  eden space 144896K, 100% used [0x00000000eab00000,0x00000000f3880000,0x00000000f3880000)
  from space 15872K, 97% used [0x00000000f5400000,0x00000000f6314378,0x00000000f6380000)
  to   space 20992K, 0% used [0x00000000f3a80000,0x00000000f3a80000,0x00000000f4f00000)
 ParOldGen       total 108032K, used 46426K [0x00000000c0000000, 0x00000000c6980000, 0x00000000eab00000)
  object space 108032K, 42% used [0x00000000c0000000,0x00000000c2d56a40,0x00000000c6980000)
 Metaspace       used 72061K, capacity 75270K, committed 75392K, reserved 1114112K
  class space    used 9002K, capacity 10057K, committed 10112K, reserved 1048576K
Event: 29.738 GC heap after
Heap after GC invocations=16 (full 3):
 PSYoungGen      total 167936K, used 20971K [0x00000000eab00000, 0x00000000f8800000, 0x0000000100000000)
  eden space 146944K, 0% used [0x00000000eab00000,0x00000000eab00000,0x00000000f3a80000)
  from space 20992K, 99% used [0x00000000f3a80000,0x00000000f4efaea8,0x00000000f4f00000)
  to   space 27136K, 0% used [0x00000000f6d80000,0x00000000f6d80000,0x00000000f8800000)
 ParOldGen       total 108032K, used 53411K [0x00000000c0000000, 0x00000000c6980000, 0x00000000eab00000)
  object space 108032K, 49% used [0x00000000c0000000,0x00000000c3428c90,0x00000000c6980000)
 Metaspace       used 72061K, capacity 75270K, committed 75392K, reserved 1114112K
  class space    used 9002K, capacity 10057K, committed 10112K, reserved 1048576K
}
Event: 142.950 GC heap before
{Heap before GC invocations=17 (full 3):
 PSYoungGen      total 167936K, used 167915K [0x00000000eab00000, 0x00000000f8800000, 0x0000000100000000)
  eden space 146944K, 100% used [0x00000000eab00000,0x00000000f3a80000,0x00000000f3a80000)
  from space 20992K, 99% used [0x00000000f3a80000,0x00000000f4efaea8,0x00000000f4f00000)
  to   space 27136K, 0% used [0x00000000f6d80000,0x00000000f6d80000,0x00000000f8800000)
 ParOldGen       total 108032K, used 53411K [0x00000000c0000000, 0x00000000c6980000, 0x00000000eab00000)
  object space 108032K, 49% used [0x00000000c0000000,0x00000000c3428c90,0x00000000c6980000)
 Metaspace       used 72615K, capacity 75756K, committed 75904K, reserved 1116160K
  class space    used 9071K, capacity 10064K, committed 10112K, reserved 1048576K
Event: 142.983 GC heap after
Heap after GC invocations=17 (full 3):
 PSYoungGen      total 194048K, used 15156K [0x00000000eab00000, 0x00000000f8580000, 0x0000000100000000)
  eden space 169472K, 0% used [0x00000000eab00000,0x00000000eab00000,0x00000000f5080000)
  from space 24576K, 61% used [0x00000000f6d80000,0x00000000f7c4d0f8,0x00000000f8580000)
  to   space 27136K, 0% used [0x00000000f5080000,0x00000000f5080000,0x00000000f6b00000)
 ParOldGen       total 108032K, used 72949K [0x00000000c0000000, 0x00000000c6980000, 0x00000000eab00000)
  object space 108032K, 67% used [0x00000000c0000000,0x00000000c473d628,0x00000000c6980000)
 Metaspace       used 72615K, capacity 75756K, committed 75904K, reserved 1116160K
  class space    used 9071K, capacity 10064K, committed 10112K, reserved 1048576K
}
Event: 386.916 GC heap before
{Heap before GC invocations=18 (full 3):
 PSYoungGen      total 194048K, used 184628K [0x00000000eab00000, 0x00000000f8580000, 0x0000000100000000)
  eden space 169472K, 100% used [0x00000000eab00000,0x00000000f5080000,0x00000000f5080000)
  from space 24576K, 61% used [0x00000000f6d80000,0x00000000f7c4d0f8,0x00000000f8580000)
  to   space 27136K, 0% used [0x00000000f5080000,0x00000000f5080000,0x00000000f6b00000)
 ParOldGen       total 108032K, used 72949K [0x00000000c0000000, 0x00000000c6980000, 0x00000000eab00000)
  object space 108032K, 67% used [0x00000000c0000000,0x00000000c473d628,0x00000000c6980000)
 Metaspace       used 72776K, capacity 75886K, committed 76160K, reserved 1116160K
  class space    used 9095K, capacity 10103K, committed 10112K, reserved 1048576K
Event: 386.925 GC heap after
Heap after GC invocations=18 (full 3):
 PSYoungGen      total 196608K, used 16069K [0x00000000eab00000, 0x00000000f9a80000, 0x0000000100000000)
  eden space 169472K, 0% used [0x00000000eab00000,0x00000000eab00000,0x00000000f5080000)
  from space 27136K, 59% used [0x00000000f5080000,0x00000000f60317d8,0x00000000f6b00000)
  to   space 27648K, 0% used [0x00000000f7f80000,0x00000000f7f80000,0x00000000f9a80000)
 ParOldGen       total 108032K, used 72957K [0x00000000c0000000, 0x00000000c6980000, 0x00000000eab00000)
  object space 108032K, 67% used [0x00000000c0000000,0x00000000c473f628,0x00000000c6980000)
 Metaspace       used 72776K, capacity 75886K, committed 76160K, reserved 1116160K
  class space    used 9095K, capacity 10103K, committed 10112K, reserved 1048576K
}
Event: 625.570 GC heap before
{Heap before GC invocations=19 (full 3):
 PSYoungGen      total 196608K, used 185541K [0x00000000eab00000, 0x00000000f9a80000, 0x0000000100000000)
  eden space 169472K, 100% used [0x00000000eab00000,0x00000000f5080000,0x00000000f5080000)
  from space 27136K, 59% used [0x00000000f5080000,0x00000000f60317d8,0x00000000f6b00000)
  to   space 27648K, 0% used [0x00000000f7f80000,0x00000000f7f80000,0x00000000f9a80000)
 ParOldGen       total 108032K, used 72957K [0x00000000c0000000, 0x00000000c6980000, 0x00000000eab00000)
  object space 108032K, 67% used [0x00000000c0000000,0x00000000c473f628,0x00000000c6980000)
 Metaspace       used 73300K, capacity 76460K, committed 76800K, reserved 1116160K
  class space    used 9124K, capacity 10140K, committed 10240K, reserved 1048576K
Event: 625.581 GC heap after
Heap after GC invocations=19 (full 3):
 PSYoungGen      total 176640K, used 12954K [0x00000000eab00000, 0x00000000f8c80000, 0x0000000100000000)
  eden space 163328K, 0% used [0x00000000eab00000,0x00000000eab00000,0x00000000f4a80000)
  from space 13312K, 97% used [0x00000000f7f80000,0x00000000f8c26840,0x00000000f8c80000)
  to   space 26624K, 0% used [0x00000000f5880000,0x00000000f5880000,0x00000000f7280000)
 ParOldGen       total 108032K, used 72965K [0x00000000c0000000, 0x00000000c6980000, 0x00000000eab00000)
  object space 108032K, 67% used [0x00000000c0000000,0x00000000c4741628,0x00000000c6980000)
 Metaspace       used 73300K, capacity 76460K, committed 76800K, reserved 1116160K
  class space    used 9124K, capacity 10140K, committed 10240K, reserved 1048576K
}
Event: 649.138 GC heap before
{Heap before GC invocations=20 (full 3):
 PSYoungGen      total 176640K, used 176282K [0x00000000eab00000, 0x00000000f8c80000, 0x0000000100000000)
  eden space 163328K, 100% used [0x00000000eab00000,0x00000000f4a80000,0x00000000f4a80000)
  from space 13312K, 97% used [0x00000000f7f80000,0x00000000f8c26840,0x00000000f8c80000)
  to   space 26624K, 0% used [0x00000000f5880000,0x00000000f5880000,0x00000000f7280000)
 ParOldGen       total 108032K, used 72965K [0x00000000c0000000, 0x00000000c6980000, 0x00000000eab00000)
  object space 108032K, 67% used [0x00000000c0000000,0x00000000c4741628,0x00000000c6980000)
 Metaspace       used 73753K, capacity 77056K, committed 77312K, reserved 1116160K
  class space    used 9125K, capacity 10140K, committed 10240K, reserved 1048576K
Event: 649.155 GC heap after
Heap after GC invocations=20 (full 3):
 PSYoungGen      total 176640K, used 19407K [0x00000000eab00000, 0x00000000f8000000, 0x0000000100000000)
  eden space 157184K, 0% used [0x00000000eab00000,0x00000000eab00000,0x00000000f4480000)
  from space 19456K, 99% used [0x00000000f5880000,0x00000000f6b73c88,0x00000000f6b80000)
  to   space 20992K, 0% used [0x00000000f6b80000,0x00000000f6b80000,0x00000000f8000000)
 ParOldGen       total 108032K, used 72973K [0x00000000c0000000, 0x00000000c6980000, 0x00000000eab00000)
  object space 108032K, 67% used [0x00000000c0000000,0x00000000c4743628,0x00000000c6980000)
 Metaspace       used 73753K, capacity 77056K, committed 77312K, reserved 1116160K
  class space    used 9125K, capacity 10140K, committed 10240K, reserved 1048576K
}

