# JRE version: Java(TM) SE Runtime Environment (8.0_71-b15) (build 1.8.0_71-b15)
# Java VM: Java HotSpot(TM) 64-Bit Server VM (25.71-b15 mixed mode windows-amd64 compressed oops)
Heap:
 PSYoungGen      total 225280K, used 166772K [0x00000000eab00000, 0x00000000fa500000, 0x0000000100000000)
  eden space 204800K, 77% used [0x00000000eab00000,0x00000000f462b730,0x00000000f7300000)
  from space 20480K, 38% used [0x00000000f9100000,0x00000000f98b1ba0,0x00000000fa500000)
  to   space 25600K, 0% used [0x00000000f7300000,0x00000000f7300000,0x00000000f8c00000)
 ParOldGen       total 112640K, used 81651K [0x00000000c0000000, 0x00000000c6e00000, 0x00000000eab00000)
  object space 112640K, 72% used [0x00000000c0000000,0x00000000c4fbcfa8,0x00000000c6e00000)
 Metaspace       used 75128K, capacity 78328K, committed 78632K, reserved 1118208K
  class space    used 9177K, capacity 10164K, committed 10280K, reserved 1048576K
GC Heap History (10 events):
Event: 30.340 GC heap before
{Heap before GC invocations=15 (full 3):
 PSYoungGen      total 166400K, used 166381K [0x00000000eab00000, 0x00000000f8480000, 0x0000000100000000)
  eden space 147968K, 100% used [0x00000000eab00000,0x00000000f3b80000,0x00000000f3b80000)
  from space 18432K, 99% used [0x00000000f3b80000,0x00000000f4d7b618,0x00000000f4d80000)
  to   space 22528K, 0% used [0x00000000f6e80000,0x00000000f6e80000,0x00000000f8480000)
 ParOldGen       total 112640K, used 51958K [0x00000000c0000000, 0x00000000c6e00000, 0x00000000eab00000)
  object space 112640K, 46% used [0x00000000c0000000,0x00000000c32bda90,0x00000000c6e00000)
 Metaspace       used 72591K, capacity 75772K, committed 75944K, reserved 1116160K
  class space    used 9053K, capacity 10078K, committed 10152K, reserved 1048576K
Event: 30.366 GC heap after
Heap after GC invocations=15 (full 3):
 PSYoungGen      total 193536K, used 22510K [0x00000000eab00000, 0x00000000f8d00000, 0x0000000100000000)
  eden space 171008K, 0% used [0x00000000eab00000,0x00000000eab00000,0x00000000f5200000)
  from space 22528K, 99% used [0x00000000f6e80000,0x00000000f847b8d0,0x00000000f8480000)
  to   space 29184K, 0% used [0x00000000f5200000,0x00000000f5200000,0x00000000f6e80000)
 ParOldGen       total 112640K, used 60129K [0x00000000c0000000, 0x00000000c6e00000, 0x00000000eab00000)
  object space 112640K, 53% used [0x00000000c0000000,0x00000000c3ab85f8,0x00000000c6e00000)
 Metaspace       used 72591K, capacity 75772K, committed 75944K, reserved 1116160K
  class space    used 9053K, capacity 10078K, committed 10152K, reserved 1048576K
}
Event: 43.238 GC heap before
{Heap before GC invocations=16 (full 3):
 PSYoungGen      total 193536K, used 193135K [0x00000000eab00000, 0x00000000f8d00000, 0x0000000100000000)
  eden space 171008K, 99% used [0x00000000eab00000,0x00000000f51a05b8,0x00000000f5200000)
  from space 22528K, 99% used [0x00000000f6e80000,0x00000000f847b8d0,0x00000000f8480000)
  to   space 29184K, 0% used [0x00000000f5200000,0x00000000f5200000,0x00000000f6e80000)
 ParOldGen       total 112640K, used 60129K [0x00000000c0000000, 0x00000000c6e00000, 0x00000000eab00000)
  object space 112640K, 53% used [0x00000000c0000000,0x00000000c3ab85f8,0x00000000c6e00000)
 Metaspace       used 73410K, capacity 76512K, committed 76712K, reserved 1116160K
  class space    used 9097K, capacity 10124K, committed 10152K, reserved 1048576K
Event: 43.277 GC heap after
Heap after GC invocations=16 (full 3):
 PSYoungGen      total 200192K, used 14845K [0x00000000eab00000, 0x00000000fa200000, 0x0000000100000000)
  eden space 171008K, 0% used [0x00000000eab00000,0x00000000eab00000,0x00000000f5200000)
  from space 29184K, 50% used [0x00000000f5200000,0x00000000f607f670,0x00000000f6e80000)
  to   space 28672K, 0% used [0x00000000f8600000,0x00000000f8600000,0x00000000fa200000)
 ParOldGen       total 112640K, used 81627K [0x00000000c0000000, 0x00000000c6e00000, 0x00000000eab00000)
  object space 112640K, 72% used [0x00000000c0000000,0x00000000c4fb6fa8,0x00000000c6e00000)
 Metaspace       used 73410K, capacity 76512K, committed 76712K, reserved 1116160K
  class space    used 9097K, capacity 10124K, committed 10152K, reserved 1048576K
}
Event: 52.314 GC heap before
{Heap before GC invocations=17 (full 3):
 PSYoungGen      total 200192K, used 185853K [0x00000000eab00000, 0x00000000fa200000, 0x0000000100000000)
  eden space 171008K, 100% used [0x00000000eab00000,0x00000000f5200000,0x00000000f5200000)
  from space 29184K, 50% used [0x00000000f5200000,0x00000000f607f670,0x00000000f6e80000)
  to   space 28672K, 0% used [0x00000000f8600000,0x00000000f8600000,0x00000000fa200000)
 ParOldGen       total 112640K, used 81627K [0x00000000c0000000, 0x00000000c6e00000, 0x00000000eab00000)
  object space 112640K, 72% used [0x00000000c0000000,0x00000000c4fb6fa8,0x00000000c6e00000)
 Metaspace       used 73916K, capacity 77040K, committed 77224K, reserved 1116160K
  class space    used 9102K, capacity 10126K, committed 10152K, reserved 1048576K
Event: 52.325 GC heap after
Heap after GC invocations=17 (full 3):
 PSYoungGen      total 211968K, used 12822K [0x00000000eab00000, 0x00000000f9a80000, 0x0000000100000000)
  eden space 190976K, 0% used [0x00000000eab00000,0x00000000eab00000,0x00000000f6580000)
  from space 20992K, 61% used [0x00000000f8600000,0x00000000f9285930,0x00000000f9a80000)
  to   space 27136K, 0% used [0x00000000f6580000,0x00000000f6580000,0x00000000f8000000)
 ParOldGen       total 112640K, used 81635K [0x00000000c0000000, 0x00000000c6e00000, 0x00000000eab00000)
  object space 112640K, 72% used [0x00000000c0000000,0x00000000c4fb8fa8,0x00000000c6e00000)
 Metaspace       used 73916K, capacity 77040K, committed 77224K, reserved 1116160K
  class space    used 9102K, capacity 10126K, committed 10152K, reserved 1048576K
}
Event: 85.998 GC heap before
{Heap before GC invocations=18 (full 3):
 PSYoungGen      total 211968K, used 203798K [0x00000000eab00000, 0x00000000f9a80000, 0x0000000100000000)
  eden space 190976K, 100% used [0x00000000eab00000,0x00000000f6580000,0x00000000f6580000)
  from space 20992K, 61% used [0x00000000f8600000,0x00000000f9285930,0x00000000f9a80000)
  to   space 27136K, 0% used [0x00000000f6580000,0x00000000f6580000,0x00000000f8000000)
 ParOldGen       total 112640K, used 81635K [0x00000000c0000000, 0x00000000c6e00000, 0x00000000eab00000)
  object space 112640K, 72% used [0x00000000c0000000,0x00000000c4fb8fa8,0x00000000c6e00000)
 Metaspace       used 74568K, capacity 77772K, committed 77992K, reserved 1118208K
  class space    used 9143K, capacity 10130K, committed 10152K, reserved 1048576K
Event: 86.005 GC heap after
Heap after GC invocations=18 (full 3):
 PSYoungGen      total 218112K, used 7378K [0x00000000eab00000, 0x00000000fab00000, 0x0000000100000000)
  eden space 190976K, 0% used [0x00000000eab00000,0x00000000eab00000,0x00000000f6580000)
  from space 27136K, 27% used [0x00000000f6580000,0x00000000f6cb4a10,0x00000000f8000000)
  to   space 26624K, 0% used [0x00000000f9100000,0x00000000f9100000,0x00000000fab00000)
 ParOldGen       total 112640K, used 81643K [0x00000000c0000000, 0x00000000c6e00000, 0x00000000eab00000)
  object space 112640K, 72% used [0x00000000c0000000,0x00000000c4fbafa8,0x00000000c6e00000)
 Metaspace       used 74568K, capacity 77772K, committed 77992K, reserved 1118208K
  class space    used 9143K, capacity 10130K, committed 10152K, reserved 1048576K
}
Event: 141.440 GC heap before
{Heap before GC invocations=19 (full 3):
 PSYoungGen      total 218112K, used 198354K [0x00000000eab00000, 0x00000000fab00000, 0x0000000100000000)
  eden space 190976K, 100% used [0x00000000eab00000,0x00000000f6580000,0x00000000f6580000)
  from space 27136K, 27% used [0x00000000f6580000,0x00000000f6cb4a10,0x00000000f8000000)
  to   space 26624K, 0% used [0x00000000f9100000,0x00000000f9100000,0x00000000fab00000)
 ParOldGen       total 112640K, used 81643K [0x00000000c0000000, 0x00000000c6e00000, 0x00000000eab00000)
  object space 112640K, 72% used [0x00000000c0000000,0x00000000c4fbafa8,0x00000000c6e00000)
 Metaspace       used 74844K, capacity 78034K, committed 78248K, reserved 1118208K
  class space    used 9144K, capacity 10131K, committed 10152K, reserved 1048576K
Event: 141.446 GC heap after
Heap after GC invocations=19 (full 3):
 PSYoungGen      total 225280K, used 7878K [0x00000000eab00000, 0x00000000fa500000, 0x0000000100000000)
  eden space 204800K, 0% used [0x00000000eab00000,0x00000000eab00000,0x00000000f7300000)
  from space 20480K, 38% used [0x00000000f9100000,0x00000000f98b1ba0,0x00000000fa500000)
  to   space 25600K, 0% used [0x00000000f7300000,0x00000000f7300000,0x00000000f8c00000)
 ParOldGen       total 112640K, used 81651K [0x00000000c0000000, 0x00000000c6e00000, 0x00000000eab00000)
  object space 112640K, 72% used [0x00000000c0000000,0x00000000c4fbcfa8,0x00000000c6e00000)
 Metaspace       used 74844K, capacity 78034K, committed 78248K, reserved 1118208K
  class space    used 9144K, capacity 10131K, committed 10152K, reserved 1048576K
}

