# JRE version: Java(TM) SE Runtime Environment (8.0_51-b16) (build 1.8.0_51-b16)
# Java VM: Java HotSpot(TM) 64-Bit Server VM (25.51-b03 mixed mode windows-amd64 compressed oops)
Heap:
 PSYoungGen      total 183296K, used 166778K [0x00000000eab00000, 0x00000000f7380000, 0x0000000100000000)
  eden space 170496K, 90% used [0x00000000eab00000,0x00000000f419a908,0x00000000f5180000)
  from space 12800K, 98% used [0x00000000f6700000,0x00000000f73440f8,0x00000000f7380000)
  to   space 15360K, 0% used [0x00000000f5580000,0x00000000f5580000,0x00000000f6480000)
 ParOldGen       total 110080K, used 49680K [0x00000000c0000000, 0x00000000c6b80000, 0x00000000eab00000)
  object space 110080K, 45% used [0x00000000c0000000,0x00000000c3084200,0x00000000c6b80000)
 Metaspace       used 65000K, capacity 67886K, committed 68224K, reserved 1107968K
  class space    used 8095K, capacity 8963K, committed 9088K, reserved 1048576K
GC Heap History (10 events):
Event: 8.229 GC heap before
{Heap before GC invocations=13 (full 2):
 PSYoungGen      total 120320K, used 120294K [0x00000000eab00000, 0x00000000f3600000, 0x0000000100000000)
  eden space 110080K, 100% used [0x00000000eab00000,0x00000000f1680000,0x00000000f1680000)
  from space 10240K, 99% used [0x00000000f2480000,0x00000000f2e799d0,0x00000000f2e80000)
  to   space 14336K, 0% used [0x00000000f1680000,0x00000000f1680000,0x00000000f2480000)
 ParOldGen       total 61440K, used 26872K [0x00000000c0000000, 0x00000000c3c00000, 0x00000000eab00000)
  object space 61440K, 43% used [0x00000000c0000000,0x00000000c1a3e218,0x00000000c3c00000)
 Metaspace       used 49117K, capacity 50766K, committed 51072K, reserved 1093632K
  class space    used 5820K, capacity 6435K, committed 6528K, reserved 1048576K
Event: 8.276 GC heap after
Heap after GC invocations=13 (full 2):
 PSYoungGen      total 124416K, used 8716K [0x00000000eab00000, 0x00000000f5280000, 0x0000000100000000)
  eden space 110080K, 0% used [0x00000000eab00000,0x00000000eab00000,0x00000000f1680000)
  from space 14336K, 60% used [0x00000000f1680000,0x00000000f1f03038,0x00000000f2480000)
  to   space 14848K, 0% used [0x00000000f4400000,0x00000000f4400000,0x00000000f5280000)
 ParOldGen       total 61440K, used 36860K [0x00000000c0000000, 0x00000000c3c00000, 0x00000000eab00000)
  object space 61440K, 59% used [0x00000000c0000000,0x00000000c23ff368,0x00000000c3c00000)
 Metaspace       used 49117K, capacity 50766K, committed 51072K, reserved 1093632K
  class space    used 5820K, capacity 6435K, committed 6528K, reserved 1048576K
}
Event: 8.973 GC heap before
{Heap before GC invocations=14 (full 2):
 PSYoungGen      total 124416K, used 118796K [0x00000000eab00000, 0x00000000f5280000, 0x0000000100000000)
  eden space 110080K, 100% used [0x00000000eab00000,0x00000000f1680000,0x00000000f1680000)
  from space 14336K, 60% used [0x00000000f1680000,0x00000000f1f03038,0x00000000f2480000)
  to   space 14848K, 0% used [0x00000000f4400000,0x00000000f4400000,0x00000000f5280000)
 ParOldGen       total 61440K, used 36860K [0x00000000c0000000, 0x00000000c3c00000, 0x00000000eab00000)
  object space 61440K, 59% used [0x00000000c0000000,0x00000000c23ff368,0x00000000c3c00000)
 Metaspace       used 52253K, capacity 54242K, committed 54400K, reserved 1097728K
  class space    used 6327K, capacity 6942K, committed 7040K, reserved 1048576K
Event: 8.986 GC heap after
Heap after GC invocations=14 (full 2):
 PSYoungGen      total 152576K, used 4008K [0x00000000eab00000, 0x00000000f5000000, 0x0000000100000000)
  eden space 140288K, 0% used [0x00000000eab00000,0x00000000eab00000,0x00000000f3400000)
  from space 12288K, 32% used [0x00000000f4400000,0x00000000f47ea348,0x00000000f5000000)
  to   space 14336K, 0% used [0x00000000f3400000,0x00000000f3400000,0x00000000f4200000)
 ParOldGen       total 61440K, used 44741K [0x00000000c0000000, 0x00000000c3c00000, 0x00000000eab00000)
  object space 61440K, 72% used [0x00000000c0000000,0x00000000c2bb1540,0x00000000c3c00000)
 Metaspace       used 52253K, capacity 54242K, committed 54400K, reserved 1097728K
  class space    used 6327K, capacity 6942K, committed 7040K, reserved 1048576K
}
Event: 9.319 GC heap before
{Heap before GC invocations=15 (full 2):
 PSYoungGen      total 152576K, used 23625K [0x00000000eab00000, 0x00000000f5000000, 0x0000000100000000)
  eden space 140288K, 13% used [0x00000000eab00000,0x00000000ebe281e0,0x00000000f3400000)
  from space 12288K, 32% used [0x00000000f4400000,0x00000000f47ea348,0x00000000f5000000)
  to   space 14336K, 0% used [0x00000000f3400000,0x00000000f3400000,0x00000000f4200000)
 ParOldGen       total 61440K, used 44741K [0x00000000c0000000, 0x00000000c3c00000, 0x00000000eab00000)
  object space 61440K, 72% used [0x00000000c0000000,0x00000000c2bb1540,0x00000000c3c00000)
 Metaspace       used 56827K, capacity 59020K, committed 59160K, reserved 1101824K
  class space    used 7040K, capacity 7731K, committed 7808K, reserved 1048576K
Event: 9.327 GC heap after
Heap after GC invocations=15 (full 2):
 PSYoungGen      total 154624K, used 5149K [0x00000000eab00000, 0x00000000f7480000, 0x0000000100000000)
  eden space 140288K, 0% used [0x00000000eab00000,0x00000000eab00000,0x00000000f3400000)
  from space 14336K, 35% used [0x00000000f3400000,0x00000000f3907498,0x00000000f4200000)
  to   space 13824K, 0% used [0x00000000f6700000,0x00000000f6700000,0x00000000f7480000)
 ParOldGen       total 61440K, used 44749K [0x00000000c0000000, 0x00000000c3c00000, 0x00000000eab00000)
  object space 61440K, 72% used [0x00000000c0000000,0x00000000c2bb3540,0x00000000c3c00000)
 Metaspace       used 56827K, capacity 59020K, committed 59160K, reserved 1101824K
  class space    used 7040K, capacity 7731K, committed 7808K, reserved 1048576K
}
Event: 9.327 GC heap before
{Heap before GC invocations=16 (full 3):
 PSYoungGen      total 154624K, used 5149K [0x00000000eab00000, 0x00000000f7480000, 0x0000000100000000)
  eden space 140288K, 0% used [0x00000000eab00000,0x00000000eab00000,0x00000000f3400000)
  from space 14336K, 35% used [0x00000000f3400000,0x00000000f3907498,0x00000000f4200000)
  to   space 13824K, 0% used [0x00000000f6700000,0x00000000f6700000,0x00000000f7480000)
 ParOldGen       total 61440K, used 44749K [0x00000000c0000000, 0x00000000c3c00000, 0x00000000eab00000)
  object space 61440K, 72% used [0x00000000c0000000,0x00000000c2bb3540,0x00000000c3c00000)
 Metaspace       used 56827K, capacity 59020K, committed 59160K, reserved 1101824K
  class space    used 7040K, capacity 7731K, committed 7808K, reserved 1048576K
Event: 9.522 GC heap after
Heap after GC invocations=16 (full 3):
 PSYoungGen      total 154624K, used 0K [0x00000000eab00000, 0x00000000f7480000, 0x0000000100000000)
  eden space 140288K, 0% used [0x00000000eab00000,0x00000000eab00000,0x00000000f3400000)
  from space 14336K, 0% used [0x00000000f3400000,0x00000000f3400000,0x00000000f4200000)
  to   space 13824K, 0% used [0x00000000f6700000,0x00000000f6700000,0x00000000f7480000)
 ParOldGen       total 110080K, used 46729K [0x00000000c0000000, 0x00000000c6b80000, 0x00000000eab00000)
  object space 110080K, 42% used [0x00000000c0000000,0x00000000c2da26f0,0x00000000c6b80000)
 Metaspace       used 56825K, capacity 59014K, committed 59160K, reserved 1101824K
  class space    used 7040K, capacity 7730K, committed 7808K, reserved 1048576K
}
Event: 20.501 GC heap before
{Heap before GC invocations=17 (full 3):
 PSYoungGen      total 154624K, used 140288K [0x00000000eab00000, 0x00000000f7480000, 0x0000000100000000)
  eden space 140288K, 100% used [0x00000000eab00000,0x00000000f3400000,0x00000000f3400000)
  from space 14336K, 0% used [0x00000000f3400000,0x00000000f3400000,0x00000000f4200000)
  to   space 13824K, 0% used [0x00000000f6700000,0x00000000f6700000,0x00000000f7480000)
 ParOldGen       total 110080K, used 46729K [0x00000000c0000000, 0x00000000c6b80000, 0x00000000eab00000)
  object space 110080K, 42% used [0x00000000c0000000,0x00000000c2da26f0,0x00000000c6b80000)
 Metaspace       used 63603K, capacity 66474K, committed 66688K, reserved 1107968K
  class space    used 7955K, capacity 8797K, committed 8832K, reserved 1048576K
Event: 20.515 GC heap after
Heap after GC invocations=17 (full 3):
 PSYoungGen      total 183296K, used 12560K [0x00000000eab00000, 0x00000000f7380000, 0x0000000100000000)
  eden space 170496K, 0% used [0x00000000eab00000,0x00000000eab00000,0x00000000f5180000)
  from space 12800K, 98% used [0x00000000f6700000,0x00000000f73440f8,0x00000000f7380000)
  to   space 15360K, 0% used [0x00000000f5580000,0x00000000f5580000,0x00000000f6480000)
 ParOldGen       total 110080K, used 49680K [0x00000000c0000000, 0x00000000c6b80000, 0x00000000eab00000)
  object space 110080K, 45% used [0x00000000c0000000,0x00000000c3084200,0x00000000c6b80000)
 Metaspace       used 63603K, capacity 66474K, committed 66688K, reserved 1107968K
  class space    used 7955K, capacity 8797K, committed 8832K, reserved 1048576K
}

