# JRE version: Java(TM) SE Runtime Environment (8.0_71-b15) (build 1.8.0_71-b15)
# Java VM: Java HotSpot(TM) 64-Bit Server VM (25.71-b15 mixed mode windows-amd64 compressed oops)
Heap:
 PSYoungGen      total 211456K, used 55480K [0x00000000eab00000, 0x00000000fc200000, 0x0000000100000000)
  eden space 189952K, 17% used [0x00000000eab00000,0x00000000ecc30108,0x00000000f6480000)
  from space 21504K, 99% used [0x00000000f6480000,0x00000000f797e1d0,0x00000000f7980000)
  to   space 25600K, 0% used [0x00000000fa900000,0x00000000fa900000,0x00000000fc200000)
 ParOldGen       total 108544K, used 71143K [0x00000000c0000000, 0x00000000c6a00000, 0x00000000eab00000)
  object space 108544K, 65% used [0x00000000c0000000,0x00000000c4579dc8,0x00000000c6a00000)
 Metaspace       used 73823K, capacity 77014K, committed 77184K, reserved 1116160K
  class space    used 9126K, capacity 10107K, committed 10112K, reserved 1048576K
GC Heap History (10 events):
Event: 16.074 GC heap before
{Heap before GC invocations=14 (full 2):
 PSYoungGen      total 124928K, used 47360K [0x00000000eab00000, 0x00000000f5a00000, 0x0000000100000000)
  eden space 110080K, 34% used [0x00000000eab00000,0x00000000ecfe2548,0x00000000f1680000)
  from space 14848K, 64% used [0x00000000f1680000,0x00000000f1fddd00,0x00000000f2500000)
  to   space 14848K, 0% used [0x00000000f4b80000,0x00000000f4b80000,0x00000000f5a00000)
 ParOldGen       total 56320K, used 39416K [0x00000000c0000000, 0x00000000c3700000, 0x00000000eab00000)
  object space 56320K, 69% used [0x00000000c0000000,0x00000000c267e398,0x00000000c3700000)
 Metaspace       used 56642K, capacity 59010K, committed 59160K, reserved 1099776K
  class space    used 7166K, capacity 7989K, committed 8064K, reserved 1048576K
Event: 16.088 GC heap after
Heap after GC invocations=14 (full 2):
 PSYoungGen      total 163840K, used 1373K [0x00000000eab00000, 0x00000000f6080000, 0x0000000100000000)
  eden space 148992K, 0% used [0x00000000eab00000,0x00000000eab00000,0x00000000f3c80000)
  from space 14848K, 9% used [0x00000000f4b80000,0x00000000f4cd7508,0x00000000f5a00000)
  to   space 15360K, 0% used [0x00000000f3c80000,0x00000000f3c80000,0x00000000f4b80000)
 ParOldGen       total 56320K, used 48785K [0x00000000c0000000, 0x00000000c3700000, 0x00000000eab00000)
  object space 56320K, 86% used [0x00000000c0000000,0x00000000c2fa47f0,0x00000000c3700000)
 Metaspace       used 56642K, capacity 59010K, committed 59160K, reserved 1099776K
  class space    used 7166K, capacity 7989K, committed 8064K, reserved 1048576K
}
Event: 16.088 GC heap before
{Heap before GC invocations=15 (full 3):
 PSYoungGen      total 163840K, used 1373K [0x00000000eab00000, 0x00000000f6080000, 0x0000000100000000)
  eden space 148992K, 0% used [0x00000000eab00000,0x00000000eab00000,0x00000000f3c80000)
  from space 14848K, 9% used [0x00000000f4b80000,0x00000000f4cd7508,0x00000000f5a00000)
  to   space 15360K, 0% used [0x00000000f3c80000,0x00000000f3c80000,0x00000000f4b80000)
 ParOldGen       total 56320K, used 48785K [0x00000000c0000000, 0x00000000c3700000, 0x00000000eab00000)
  object space 56320K, 86% used [0x00000000c0000000,0x00000000c2fa47f0,0x00000000c3700000)
 Metaspace       used 56642K, capacity 59010K, committed 59160K, reserved 1099776K
  class space    used 7166K, capacity 7989K, committed 8064K, reserved 1048576K
Event: 16.264 GC heap after
Heap after GC invocations=15 (full 3):
 PSYoungGen      total 163840K, used 0K [0x00000000eab00000, 0x00000000f6080000, 0x0000000100000000)
  eden space 148992K, 0% used [0x00000000eab00000,0x00000000eab00000,0x00000000f3c80000)
  from space 14848K, 0% used [0x00000000f4b80000,0x00000000f4b80000,0x00000000f5a00000)
  to   space 15360K, 0% used [0x00000000f3c80000,0x00000000f3c80000,0x00000000f4b80000)
 ParOldGen       total 108544K, used 47048K [0x00000000c0000000, 0x00000000c6a00000, 0x00000000eab00000)
  object space 108544K, 43% used [0x00000000c0000000,0x00000000c2df2090,0x00000000c6a00000)
 Metaspace       used 56642K, capacity 59010K, committed 59160K, reserved 1099776K
  class space    used 7166K, capacity 7989K, committed 8064K, reserved 1048576K
}
Event: 21.183 GC heap before
{Heap before GC invocations=16 (full 3):
 PSYoungGen      total 163840K, used 148992K [0x00000000eab00000, 0x00000000f6080000, 0x0000000100000000)
  eden space 148992K, 100% used [0x00000000eab00000,0x00000000f3c80000,0x00000000f3c80000)
  from space 14848K, 0% used [0x00000000f4b80000,0x00000000f4b80000,0x00000000f5a00000)
  to   space 15360K, 0% used [0x00000000f3c80000,0x00000000f3c80000,0x00000000f4b80000)
 ParOldGen       total 108544K, used 47048K [0x00000000c0000000, 0x00000000c6a00000, 0x00000000eab00000)
  object space 108544K, 43% used [0x00000000c0000000,0x00000000c2df2090,0x00000000c6a00000)
 Metaspace       used 70162K, capacity 73128K, committed 73344K, reserved 1112064K
  class space    used 8818K, capacity 9829K, committed 9856K, reserved 1048576K
Event: 21.217 GC heap after
Heap after GC invocations=16 (full 3):
 PSYoungGen      total 164352K, used 15334K [0x00000000eab00000, 0x00000000f9200000, 0x0000000100000000)
  eden space 148992K, 0% used [0x00000000eab00000,0x00000000eab00000,0x00000000f3c80000)
  from space 15360K, 99% used [0x00000000f3c80000,0x00000000f4b799b8,0x00000000f4b80000)
  to   space 20480K, 0% used [0x00000000f7e00000,0x00000000f7e00000,0x00000000f9200000)
 ParOldGen       total 108544K, used 54258K [0x00000000c0000000, 0x00000000c6a00000, 0x00000000eab00000)
  object space 108544K, 49% used [0x00000000c0000000,0x00000000c34fc9a8,0x00000000c6a00000)
 Metaspace       used 70162K, capacity 73128K, committed 73344K, reserved 1112064K
  class space    used 8818K, capacity 9829K, committed 9856K, reserved 1048576K
}
Event: 36.883 GC heap before
{Heap before GC invocations=17 (full 3):
 PSYoungGen      total 164352K, used 164316K [0x00000000eab00000, 0x00000000f9200000, 0x0000000100000000)
  eden space 148992K, 99% used [0x00000000eab00000,0x00000000f3c7d990,0x00000000f3c80000)
  from space 15360K, 99% used [0x00000000f3c80000,0x00000000f4b799b8,0x00000000f4b80000)
  to   space 20480K, 0% used [0x00000000f7e00000,0x00000000f7e00000,0x00000000f9200000)
 ParOldGen       total 108544K, used 54258K [0x00000000c0000000, 0x00000000c6a00000, 0x00000000eab00000)
  object space 108544K, 49% used [0x00000000c0000000,0x00000000c34fc9a8,0x00000000c6a00000)
 Metaspace       used 72804K, capacity 75958K, committed 76160K, reserved 1116160K
  class space    used 9070K, capacity 10063K, committed 10112K, reserved 1048576K
Event: 36.929 GC heap after
Heap after GC invocations=17 (full 3):
 PSYoungGen      total 206848K, used 13983K [0x00000000eab00000, 0x00000000f8e80000, 0x0000000100000000)
  eden space 189952K, 0% used [0x00000000eab00000,0x00000000eab00000,0x00000000f6480000)
  from space 16896K, 82% used [0x00000000f7e00000,0x00000000f8ba7f20,0x00000000f8e80000)
  to   space 21504K, 0% used [0x00000000f6480000,0x00000000f6480000,0x00000000f7980000)
 ParOldGen       total 108544K, used 69390K [0x00000000c0000000, 0x00000000c6a00000, 0x00000000eab00000)
  object space 108544K, 63% used [0x00000000c0000000,0x00000000c43c3a30,0x00000000c6a00000)
 Metaspace       used 72804K, capacity 75958K, committed 76160K, reserved 1116160K
  class space    used 9070K, capacity 10063K, committed 10112K, reserved 1048576K
}
Event: 93.269 GC heap before
{Heap before GC invocations=18 (full 3):
 PSYoungGen      total 206848K, used 203935K [0x00000000eab00000, 0x00000000f8e80000, 0x0000000100000000)
  eden space 189952K, 100% used [0x00000000eab00000,0x00000000f6480000,0x00000000f6480000)
  from space 16896K, 82% used [0x00000000f7e00000,0x00000000f8ba7f20,0x00000000f8e80000)
  to   space 21504K, 0% used [0x00000000f6480000,0x00000000f6480000,0x00000000f7980000)
 ParOldGen       total 108544K, used 69390K [0x00000000c0000000, 0x00000000c6a00000, 0x00000000eab00000)
  object space 108544K, 63% used [0x00000000c0000000,0x00000000c43c3a30,0x00000000c6a00000)
 Metaspace       used 73791K, capacity 76944K, committed 77184K, reserved 1116160K
  class space    used 9119K, capacity 10106K, committed 10112K, reserved 1048576K
Event: 93.290 GC heap after
Heap after GC invocations=18 (full 3):
 PSYoungGen      total 211456K, used 21496K [0x00000000eab00000, 0x00000000fc200000, 0x0000000100000000)
  eden space 189952K, 0% used [0x00000000eab00000,0x00000000eab00000,0x00000000f6480000)
  from space 21504K, 99% used [0x00000000f6480000,0x00000000f797e1d0,0x00000000f7980000)
  to   space 25600K, 0% used [0x00000000fa900000,0x00000000fa900000,0x00000000fc200000)
 ParOldGen       total 108544K, used 71143K [0x00000000c0000000, 0x00000000c6a00000, 0x00000000eab00000)
  object space 108544K, 65% used [0x00000000c0000000,0x00000000c4579dc8,0x00000000c6a00000)
 Metaspace       used 73791K, capacity 76944K, committed 77184K, reserved 1116160K
  class space    used 9119K, capacity 10106K, committed 10112K, reserved 1048576K
}

