# JRE version: Java(TM) SE Runtime Environment (8.0_71-b15) (build 1.8.0_71-b15)
# Java VM: Java HotSpot(TM) 64-Bit Server VM (25.71-b15 mixed mode windows-amd64 compressed oops)
Heap:
 PSYoungGen      total 197632K, used 49915K [0x00000000eab00000, 0x00000000f8800000, 0x0000000100000000)
  eden space 181760K, 27% used [0x00000000eab00000,0x00000000edbbeff0,0x00000000f5c80000)
  from space 15872K, 0% used [0x00000000f7080000,0x00000000f7080000,0x00000000f8000000)
  to   space 20480K, 0% used [0x00000000f5c80000,0x00000000f5c80000,0x00000000f7080000)
 ParOldGen       total 102912K, used 46842K [0x00000000c0000000, 0x00000000c6480000, 0x00000000eab00000)
  object space 102912K, 45% used [0x00000000c0000000,0x00000000c2dbe878,0x00000000c6480000)
 Metaspace       used 64545K, capacity 67484K, committed 67840K, reserved 1107968K
  class space    used 8171K, capacity 9089K, committed 9216K, reserved 1048576K
GC Heap History (10 events):
Event: 4.433 GC heap before
{Heap before GC invocations=9 (full 2):
 PSYoungGen      total 136192K, used 6537K [0x00000000eab00000, 0x00000000f4900000, 0x0000000100000000)
  eden space 129536K, 0% used [0x00000000eab00000,0x00000000eab00000,0x00000000f2980000)
  from space 6656K, 98% used [0x00000000f2980000,0x00000000f2fe2598,0x00000000f3000000)
  to   space 7168K, 0% used [0x00000000f4200000,0x00000000f4200000,0x00000000f4900000)
 ParOldGen       total 35840K, used 8570K [0x00000000c0000000, 0x00000000c2300000, 0x00000000eab00000)
  object space 35840K, 23% used [0x00000000c0000000,0x00000000c085eb40,0x00000000c2300000)
 Metaspace       used 33663K, capacity 35370K, committed 35496K, reserved 1079296K
  class space    used 4301K, capacity 4833K, committed 4864K, reserved 1048576K
Event: 4.521 GC heap after
Heap after GC invocations=9 (full 2):
 PSYoungGen      total 136192K, used 0K [0x00000000eab00000, 0x00000000f4900000, 0x0000000100000000)
  eden space 129536K, 0% used [0x00000000eab00000,0x00000000eab00000,0x00000000f2980000)
  from space 6656K, 0% used [0x00000000f2980000,0x00000000f2980000,0x00000000f3000000)
  to   space 7168K, 0% used [0x00000000f4200000,0x00000000f4200000,0x00000000f4900000)
 ParOldGen       total 53760K, used 13834K [0x00000000c0000000, 0x00000000c3480000, 0x00000000eab00000)
  object space 53760K, 25% used [0x00000000c0000000,0x00000000c0d82998,0x00000000c3480000)
 Metaspace       used 33663K, capacity 35370K, committed 35496K, reserved 1079296K
  class space    used 4301K, capacity 4833K, committed 4864K, reserved 1048576K
}
Event: 6.155 GC heap before
{Heap before GC invocations=10 (full 2):
 PSYoungGen      total 136192K, used 129536K [0x00000000eab00000, 0x00000000f4900000, 0x0000000100000000)
  eden space 129536K, 100% used [0x00000000eab00000,0x00000000f2980000,0x00000000f2980000)
  from space 6656K, 0% used [0x00000000f2980000,0x00000000f2980000,0x00000000f3000000)
  to   space 7168K, 0% used [0x00000000f4200000,0x00000000f4200000,0x00000000f4900000)
 ParOldGen       total 53760K, used 13834K [0x00000000c0000000, 0x00000000c3480000, 0x00000000eab00000)
  object space 53760K, 25% used [0x00000000c0000000,0x00000000c0d82998,0x00000000c3480000)
 Metaspace       used 46181K, capacity 48200K, committed 48256K, reserved 1091584K
  class space    used 5836K, capacity 6473K, committed 6528K, reserved 1048576K
Event: 6.172 GC heap after
Heap after GC invocations=10 (full 2):
 PSYoungGen      total 149504K, used 7146K [0x00000000eab00000, 0x00000000f7900000, 0x0000000100000000)
  eden space 142336K, 0% used [0x00000000eab00000,0x00000000eab00000,0x00000000f3600000)
  from space 7168K, 99% used [0x00000000f4200000,0x00000000f48fa830,0x00000000f4900000)
  to   space 12288K, 0% used [0x00000000f3600000,0x00000000f3600000,0x00000000f4200000)
 ParOldGen       total 53760K, used 23567K [0x00000000c0000000, 0x00000000c3480000, 0x00000000eab00000)
  object space 53760K, 43% used [0x00000000c0000000,0x00000000c1703c60,0x00000000c3480000)
 Metaspace       used 46181K, capacity 48200K, committed 48256K, reserved 1091584K
  class space    used 5836K, capacity 6473K, committed 6528K, reserved 1048576K
}
Event: 6.896 GC heap before
{Heap before GC invocations=11 (full 2):
 PSYoungGen      total 149504K, used 149482K [0x00000000eab00000, 0x00000000f7900000, 0x0000000100000000)
  eden space 142336K, 100% used [0x00000000eab00000,0x00000000f3600000,0x00000000f3600000)
  from space 7168K, 99% used [0x00000000f4200000,0x00000000f48fa830,0x00000000f4900000)
  to   space 12288K, 0% used [0x00000000f3600000,0x00000000f3600000,0x00000000f4200000)
 ParOldGen       total 53760K, used 23567K [0x00000000c0000000, 0x00000000c3480000, 0x00000000eab00000)
  object space 53760K, 43% used [0x00000000c0000000,0x00000000c1703c60,0x00000000c3480000)
 Metaspace       used 47668K, capacity 49710K, committed 49920K, reserved 1093632K
  class space    used 5936K, capacity 6616K, committed 6656K, reserved 1048576K
Event: 6.941 GC heap after
Heap after GC invocations=11 (full 2):
 PSYoungGen      total 154624K, used 12261K [0x00000000eab00000, 0x00000000f8000000, 0x0000000100000000)
  eden space 142336K, 0% used [0x00000000eab00000,0x00000000eab00000,0x00000000f3600000)
  from space 12288K, 99% used [0x00000000f3600000,0x00000000f41f9540,0x00000000f4200000)
  to   space 15872K, 0% used [0x00000000f7080000,0x00000000f7080000,0x00000000f8000000)
 ParOldGen       total 53760K, used 28259K [0x00000000c0000000, 0x00000000c3480000, 0x00000000eab00000)
  object space 53760K, 52% used [0x00000000c0000000,0x00000000c1b98c60,0x00000000c3480000)
 Metaspace       used 47668K, capacity 49710K, committed 49920K, reserved 1093632K
  class space    used 5936K, capacity 6616K, committed 6656K, reserved 1048576K
}
Event: 7.976 GC heap before
{Heap before GC invocations=12 (full 2):
 PSYoungGen      total 154624K, used 110354K [0x00000000eab00000, 0x00000000f8000000, 0x0000000100000000)
  eden space 142336K, 68% used [0x00000000eab00000,0x00000000f0acb650,0x00000000f3600000)
  from space 12288K, 99% used [0x00000000f3600000,0x00000000f41f9540,0x00000000f4200000)
  to   space 15872K, 0% used [0x00000000f7080000,0x00000000f7080000,0x00000000f8000000)
 ParOldGen       total 53760K, used 28259K [0x00000000c0000000, 0x00000000c3480000, 0x00000000eab00000)
  object space 53760K, 52% used [0x00000000c0000000,0x00000000c1b98c60,0x00000000c3480000)
 Metaspace       used 56598K, capacity 59064K, committed 59160K, reserved 1101824K
  class space    used 6917K, capacity 7766K, committed 7808K, reserved 1048576K
Event: 8.002 GC heap after
Heap after GC invocations=12 (full 2):
 PSYoungGen      total 197632K, used 15866K [0x00000000eab00000, 0x00000000f8800000, 0x0000000100000000)
  eden space 181760K, 0% used [0x00000000eab00000,0x00000000eab00000,0x00000000f5c80000)
  from space 15872K, 99% used [0x00000000f7080000,0x00000000f7ffe838,0x00000000f8000000)
  to   space 20480K, 0% used [0x00000000f5c80000,0x00000000f5c80000,0x00000000f7080000)
 ParOldGen       total 53760K, used 33945K [0x00000000c0000000, 0x00000000c3480000, 0x00000000eab00000)
  object space 53760K, 63% used [0x00000000c0000000,0x00000000c21265f0,0x00000000c3480000)
 Metaspace       used 56598K, capacity 59064K, committed 59160K, reserved 1101824K
  class space    used 6917K, capacity 7766K, committed 7808K, reserved 1048576K
}
Event: 8.002 GC heap before
{Heap before GC invocations=13 (full 3):
 PSYoungGen      total 197632K, used 15866K [0x00000000eab00000, 0x00000000f8800000, 0x0000000100000000)
  eden space 181760K, 0% used [0x00000000eab00000,0x00000000eab00000,0x00000000f5c80000)
  from space 15872K, 99% used [0x00000000f7080000,0x00000000f7ffe838,0x00000000f8000000)
  to   space 20480K, 0% used [0x00000000f5c80000,0x00000000f5c80000,0x00000000f7080000)
 ParOldGen       total 53760K, used 33945K [0x00000000c0000000, 0x00000000c3480000, 0x00000000eab00000)
  object space 53760K, 63% used [0x00000000c0000000,0x00000000c21265f0,0x00000000c3480000)
 Metaspace       used 56598K, capacity 59064K, committed 59160K, reserved 1101824K
  class space    used 6917K, capacity 7766K, committed 7808K, reserved 1048576K
Event: 8.176 GC heap after
Heap after GC invocations=13 (full 3):
 PSYoungGen      total 197632K, used 0K [0x00000000eab00000, 0x00000000f8800000, 0x0000000100000000)
  eden space 181760K, 0% used [0x00000000eab00000,0x00000000eab00000,0x00000000f5c80000)
  from space 15872K, 0% used [0x00000000f7080000,0x00000000f7080000,0x00000000f8000000)
  to   space 20480K, 0% used [0x00000000f5c80000,0x00000000f5c80000,0x00000000f7080000)
 ParOldGen       total 102912K, used 46842K [0x00000000c0000000, 0x00000000c6480000, 0x00000000eab00000)
  object space 102912K, 45% used [0x00000000c0000000,0x00000000c2dbe878,0x00000000c6480000)
 Metaspace       used 56598K, capacity 59064K, committed 59160K, reserved 1101824K
  class space    used 6917K, capacity 7766K, committed 7808K, reserved 1048576K
}

